#
# There is insufficient memory for the Java Runtime Environment to continue.
# Native memory allocation (malloc) failed to allocate 739056 bytes for Chunk::new
# Possible reasons:
#   The system is out of physical RAM or swap space
#   The process is running with CompressedOops enabled, and the Java Heap may be blocking the growth of the native heap
# Possible solutions:
#   Reduce memory load on the system
#   Increase physical memory or swap space
#   Check if swap backing store is full
#   Decrease Java heap size (-Xmx/-Xms)
#   Decrease number of Java threads
#   Decrease Java thread stack sizes (-Xss)
#   Set larger code cache with -XX:ReservedCodeCacheSize=
#   JVM is running with Zero Based Compressed Oops mode in which the Java heap is
#     placed in the first 32GB address space. The Java Heap base address is the
#     maximum limit for the native heap growth. Please use -XX:HeapBaseMinAddress
#     to set the Java Heap base and to place the Java Heap above 32GB virtual address.
# This output file may be truncated or incomplete.
#
#  Out of Memory Error (allocation.cpp:389), pid=14532, tid=0x0000000000003748
#
# JRE version: Java(TM) SE Runtime Environment (8.0_231-b11) (build 1.8.0_231-b11)
# Java VM: Java HotSpot(TM) 64-Bit Server VM (25.231-b11 mixed mode windows-amd64 compressed oops)
# Failed to write core dump. Minidumps are not enabled by default on client versions of Windows
#

---------------  T H R E A D  ---------------

Current thread (0x000000001d7ed000):  JavaThread "C2 CompilerThread1" daemon [_thread_in_native, id=14152, stack(0x000000001df40000,0x000000001e040000)]

Stack: [0x000000001df40000,0x000000001e040000]
[error occurred during error reporting (printing stack bounds), id 0xc0000005]

Native frames: (J=compiled Java code, j=interpreted, Vv=VM code, C=native code)


Current CompileTask:
C2:   1898 2504   !   4       org.codehaus.plexus.interpolation.StringSearchInterpolator::interpolate (668 bytes)


---------------  P R O C E S S  ---------------

Java Threads: ( => current thread )
  0x000000001d880000 JavaThread "Service Thread" daemon [_thread_blocked, id=7700, stack(0x000000001e120000,0x000000001e220000)]
  0x000000001d7f7000 JavaThread "C1 CompilerThread2" daemon [_thread_blocked, id=11476, stack(0x000000001d170000,0x000000001d270000)]
=>0x000000001d7ed000 JavaThread "C2 CompilerThread1" daemon [_thread_in_native, id=14152, stack(0x000000001df40000,0x000000001e040000)]
  0x000000001d7ec000 JavaThread "C2 CompilerThread0" daemon [_thread_in_native, id=13748, stack(0x000000001dcc0000,0x000000001ddc0000)]
  0x000000001d7e9800 JavaThread "Monitor Ctrl-Break" daemon [_thread_in_native, id=14852, stack(0x000000001d380000,0x000000001d480000)]
  0x000000001d7c0800 JavaThread "Attach Listener" daemon [_thread_blocked, id=6832, stack(0x000000001dbc0000,0x000000001dcc0000)]
  0x000000001bfce800 JavaThread "Signal Dispatcher" daemon [_thread_blocked, id=13624, stack(0x000000001d6c0000,0x000000001d7c0000)]
  0x000000001bfab000 JavaThread "Finalizer" daemon [_thread_blocked, id=13460, stack(0x000000001d4a0000,0x000000001d5a0000)]
  0x000000001bfa4000 JavaThread "Reference Handler" daemon [_thread_blocked, id=13596, stack(0x000000001d270000,0x000000001d370000)]
  0x0000000002129000 JavaThread "main" [_thread_in_Java, id=9128, stack(0x0000000002210000,0x0000000002310000)]

Other Threads:
  0x000000001bf5c800 VMThread [stack: 0x000000001d050000,0x000000001d150000] [id=14440]
  0x000000001d887000 WatcherThread [stack: 0x000000001e3e0000,0x000000001e4e0000] [id=14740]

VM state:not at safepoint (normal execution)

VM Mutex/Monitor currently owned by a thread: None

heap address: 0x00000006c1400000, size: 4076 MB, Compressed Oops mode: Zero based, Oop shift amount: 3
Narrow klass base: 0x0000000000000000, Narrow klass shift: 3
Compressed class space size: 1073741824 Address: 0x00000007c0000000

Heap:
 PSYoungGen      total 76288K, used 3864K [0x000000076b180000, 0x0000000771800000, 0x00000007c0000000)
  eden space 65536K, 5% used [0x000000076b180000,0x000000076b546018,0x000000076f180000)
  from space 10752K, 0% used [0x0000000770d80000,0x0000000770d80000,0x0000000771800000)
  to   space 10752K, 0% used [0x000000076f180000,0x000000076f180000,0x000000076fc00000)
 ParOldGen       total 118784K, used 9178K [0x00000006c1400000, 0x00000006c8800000, 0x000000076b180000)
  object space 118784K, 7% used [0x00000006c1400000,0x00000006c1cf6870,0x00000006c8800000)
 Metaspace       used 15916K, capacity 16260K, committed 16640K, reserved 1069056K
  class space    used 1895K, capacity 2013K, committed 2048K, reserved 1048576K

Card table byte_map: [0x0000000011b90000,0x0000000012390000] byte_map_base: 0x000000000e586000

Marking Bits: (ParMarkBitMap*) 0x0000000059936d90
 Begin Bits: [0x0000000012e70000, 0x0000000016e20000)
 End Bits:   [0x0000000016e20000, 0x000000001add0000)

Polling page: 0x00000000004c0000

CodeCache: size=245760Kb used=8532Kb max_used=8532Kb free=237227Kb
 bounds [0x00000000027d0000, 0x0000000003030000, 0x00000000117d0000]
 total_blobs=2890 nmethods=2542 adapters=260
 compilation: enabled

Compilation events (10 events):
Event: 1.890 Thread 0x000000001d7f7000 2544       3       org.eclipse.aether.resolution.VersionRequest::<init> (36 bytes)
Event: 1.890 Thread 0x000000001d7f7000 nmethod 2544 0x000000000302b1d0 code [0x000000000302b360, 0x000000000302b9d0]
Event: 1.890 Thread 0x000000001d7f7000 2537       1       org.eclipse.aether.repository.LocalArtifactRequest::getContext (5 bytes)
Event: 1.891 Thread 0x000000001d7f7000 nmethod 2537 0x000000000302bb90 code [0x000000000302bce0, 0x000000000302bdf0]
Event: 1.892 Thread 0x000000001d7f7000 2545  s    3       java.util.Hashtable::keys (6 bytes)
Event: 1.892 Thread 0x000000001d7f7000 nmethod 2545 0x000000000302be50 code [0x000000000302bfe0, 0x000000000302c468]
Event: 1.892 Thread 0x000000001d7f7000 2546       3       java.util.Hashtable::getEnumeration (22 bytes)
Event: 1.892 Thread 0x000000001d7f7000 nmethod 2546 0x000000000302c5d0 code [0x000000000302c740, 0x000000000302c9e8]
Event: 1.892 Thread 0x000000001d7f7000 2547       3       org.eclipse.aether.resolution.ArtifactDescriptorResult::addDependency (40 bytes)
Event: 1.892 Thread 0x000000001d7f7000 nmethod 2547 0x000000000302cad0 code [0x000000000302cc80, 0x000000000302d218]

GC Heap History (10 events):
Event: 0.343 GC heap before
{Heap before GC invocations=2 (full 1):
 PSYoungGen      total 76288K, used 2567K [0x000000076b180000, 0x0000000770680000, 0x00000007c0000000)
  eden space 65536K, 0% used [0x000000076b180000,0x000000076b180000,0x000000076f180000)
  from space 10752K, 23% used [0x000000076f180000,0x000000076f401eb8,0x000000076fc00000)
  to   space 10752K, 0% used [0x000000076fc00000,0x000000076fc00000,0x0000000770680000)
 ParOldGen       total 175104K, used 8K [0x00000006c1400000, 0x00000006cbf00000, 0x000000076b180000)
  object space 175104K, 0% used [0x00000006c1400000,0x00000006c1402000,0x00000006cbf00000)
 Metaspace       used 5952K, capacity 6038K, committed 6144K, reserved 1060864K
  class space    used 664K, capacity 698K, committed 768K, reserved 1048576K
Event: 0.350 GC heap after
Heap after GC invocations=2 (full 1):
 PSYoungGen      total 76288K, used 0K [0x000000076b180000, 0x0000000770680000, 0x00000007c0000000)
  eden space 65536K, 0% used [0x000000076b180000,0x000000076b180000,0x000000076f180000)
  from space 10752K, 0% used [0x000000076f180000,0x000000076f180000,0x000000076fc00000)
  to   space 10752K, 0% used [0x000000076fc00000,0x000000076fc00000,0x0000000770680000)
 ParOldGen       total 118784K, used 2427K [0x00000006c1400000, 0x00000006c8800000, 0x000000076b180000)
  object space 118784K, 2% used [0x00000006c1400000,0x00000006c165ef00,0x00000006c8800000)
 Metaspace       used 5952K, capacity 6038K, committed 6144K, reserved 1058816K
  class space    used 664K, capacity 698K, committed 768K, reserved 1048576K
}
Event: 0.907 GC heap before
{Heap before GC invocations=3 (full 1):
 PSYoungGen      total 76288K, used 65536K [0x000000076b180000, 0x0000000770680000, 0x00000007c0000000)
  eden space 65536K, 100% used [0x000000076b180000,0x000000076f180000,0x000000076f180000)
  from space 10752K, 0% used [0x000000076f180000,0x000000076f180000,0x000000076fc00000)
  to   space 10752K, 0% used [0x000000076fc00000,0x000000076fc00000,0x0000000770680000)
 ParOldGen       total 118784K, used 2427K [0x00000006c1400000, 0x00000006c8800000, 0x000000076b180000)
  object space 118784K, 2% used [0x00000006c1400000,0x00000006c165ef00,0x00000006c8800000)
 Metaspace       used 12084K, capacity 12344K, committed 12672K, reserved 1062912K
  class space    used 1499K, capacity 1578K, committed 1664K, reserved 1048576K
Event: 0.912 GC heap after
Heap after GC invocations=3 (full 1):
 PSYoungGen      total 76288K, used 8388K [0x000000076b180000, 0x0000000771780000, 0x00000007c0000000)
  eden space 65536K, 0% used [0x000000076b180000,0x000000076b180000,0x000000076f180000)
  from space 10752K, 78% used [0x000000076fc00000,0x00000007704310a8,0x0000000770680000)
  to   space 10752K, 0% used [0x000000076f180000,0x000000076f180000,0x000000076fc00000)
 ParOldGen       total 118784K, used 2435K [0x00000006c1400000, 0x00000006c8800000, 0x000000076b180000)
  object space 118784K, 2% used [0x00000006c1400000,0x00000006c1660f00,0x00000006c8800000)
 Metaspace       used 12084K, capacity 12344K, committed 12672K, reserved 1062912K
  class space    used 1499K, capacity 1578K, committed 1664K, reserved 1048576K
}
Event: 1.808 GC heap before
{Heap before GC invocations=4 (full 1):
 PSYoungGen      total 76288K, used 73924K [0x000000076b180000, 0x0000000771780000, 0x00000007c0000000)
  eden space 65536K, 100% used [0x000000076b180000,0x000000076f180000,0x000000076f180000)
  from space 10752K, 78% used [0x000000076fc00000,0x00000007704310a8,0x0000000770680000)
  to   space 10752K, 0% used [0x000000076f180000,0x000000076f180000,0x000000076fc00000)
 ParOldGen       total 118784K, used 2435K [0x00000006c1400000, 0x00000006c8800000, 0x000000076b180000)
  object space 118784K, 2% used [0x00000006c1400000,0x00000006c1660f00,0x00000006c8800000)
 Metaspace       used 15872K, capacity 16126K, committed 16384K, reserved 1067008K
  class space    used 1893K, capacity 2012K, committed 2048K, reserved 1048576K
Event: 1.815 GC heap after
Heap after GC invocations=4 (full 1):
 PSYoungGen      total 76288K, used 10215K [0x000000076b180000, 0x0000000771800000, 0x00000007c0000000)
  eden space 65536K, 0% used [0x000000076b180000,0x000000076b180000,0x000000076f180000)
  from space 10752K, 95% used [0x000000076f180000,0x000000076fb79ec8,0x000000076fc00000)
  to   space 10752K, 0% used [0x0000000770d80000,0x0000000770d80000,0x0000000771800000)
 ParOldGen       total 118784K, used 2443K [0x00000006c1400000, 0x00000006c8800000, 0x000000076b180000)
  object space 118784K, 2% used [0x00000006c1400000,0x00000006c1662f00,0x00000006c8800000)
 Metaspace       used 15872K, capacity 16126K, committed 16384K, reserved 1067008K
  class space    used 1893K, capacity 2012K, committed 2048K, reserved 1048576K
}
Event: 1.840 GC heap before
{Heap before GC invocations=5 (full 1):
 PSYoungGen      total 76288K, used 14079K [0x000000076b180000, 0x0000000771800000, 0x00000007c0000000)
  eden space 65536K, 5% used [0x000000076b180000,0x000000076b546130,0x000000076f180000)
  from space 10752K, 95% used [0x000000076f180000,0x000000076fb79ec8,0x000000076fc00000)
  to   space 10752K, 0% used [0x0000000770d80000,0x0000000770d80000,0x0000000771800000)
 ParOldGen       total 118784K, used 2443K [0x00000006c1400000, 0x00000006c8800000, 0x000000076b180000)
  object space 118784K, 2% used [0x00000006c1400000,0x00000006c1662f00,0x00000006c8800000)
 Metaspace       used 15898K, capacity 16196K, committed 16384K, reserved 1071104K
  class space    used 1895K, capacity 2013K, committed 2048K, reserved 1048576K
Event: 1.845 GC heap after
Heap after GC invocations=5 (full 1):
 PSYoungGen      total 76288K, used 8048K [0x000000076b180000, 0x0000000771800000, 0x00000007c0000000)
  eden space 65536K, 0% used [0x000000076b180000,0x000000076b180000,0x000000076f180000)
  from space 10752K, 74% used [0x0000000770d80000,0x000000077155c010,0x0000000771800000)
  to   space 10752K, 0% used [0x000000076f180000,0x000000076f180000,0x000000076fc00000)
 ParOldGen       total 118784K, used 2451K [0x00000006c1400000, 0x00000006c8800000, 0x000000076b180000)
  object space 118784K, 2% used [0x00000006c1400000,0x00000006c1664f00,0x00000006c8800000)
 Metaspace       used 15898K, capacity 16196K, committed 16384K, reserved 1071104K
  class space    used 1895K, capacity 2013K, committed 2048K, reserved 1048576K
}
Event: 1.845 GC heap before
{Heap before GC invocations=6 (full 2):
 PSYoungGen      total 76288K, used 8048K [0x000000076b180000, 0x0000000771800000, 0x00000007c0000000)
  eden space 65536K, 0% used [0x000000076b180000,0x000000076b180000,0x000000076f180000)
  from space 10752K, 74% used [0x0000000770d80000,0x000000077155c010,0x0000000771800000)
  to   space 10752K, 0% used [0x000000076f180000,0x000000076f180000,0x000000076fc00000)
 ParOldGen       total 118784K, used 2451K [0x00000006c1400000, 0x00000006c8800000, 0x000000076b180000)
  object space 118784K, 2% used [0x00000006c1400000,0x00000006c1664f00,0x00000006c8800000)
 Metaspace       used 15898K, capacity 16196K, committed 16384K, reserved 1071104K
  class space    used 1895K, capacity 2013K, committed 2048K, reserved 1048576K
Event: 1.877 GC heap after
Heap after GC invocations=6 (full 2):
 PSYoungGen      total 76288K, used 0K [0x000000076b180000, 0x0000000771800000, 0x00000007c0000000)
  eden space 65536K, 0% used [0x000000076b180000,0x000000076b180000,0x000000076f180000)
  from space 10752K, 0% used [0x0000000770d80000,0x0000000770d80000,0x0000000771800000)
  to   space 10752K, 0% used [0x000000076f180000,0x000000076f180000,0x000000076fc00000)
 ParOldGen       total 118784K, used 9178K [0x00000006c1400000, 0x00000006c8800000, 0x000000076b180000)
  object space 118784K, 7% used [0x00000006c1400000,0x00000006c1cf6870,0x00000006c8800000)
 Metaspace       used 15898K, capacity 16196K, committed 16384K, reserved 1069056K
  class space    used 1895K, capacity 2013K, committed 2048K, reserved 1048576K
}

Deoptimization events (10 events):
Event: 1.574 Thread 0x0000000002129000 Uncommon trap: reason=unstable_if action=reinterpret pc=0x0000000002dfd7c4 method=org.apache.maven.model.validation.DefaultModelValidator.isValidIdCharacter(C)Z @ 51
Event: 1.618 Thread 0x0000000002129000 Uncommon trap: reason=unstable_if action=reinterpret pc=0x0000000002e70038 method=org.codehaus.plexus.util.xml.pull.MXParser.nextImpl()I @ 310
Event: 1.641 Thread 0x0000000002129000 Uncommon trap: reason=unstable_if action=reinterpret pc=0x0000000002e7c490 method=java.util.HashMap.hash(Ljava/lang/Object;)I @ 1
Event: 1.641 Thread 0x0000000002129000 Uncommon trap: reason=unstable_if action=reinterpret pc=0x0000000002e0c9a8 method=java.util.HashMap.hash(Ljava/lang/Object;)I @ 1
Event: 1.641 Thread 0x0000000002129000 Uncommon trap: reason=unstable_if action=reinterpret pc=0x0000000002a3fe28 method=java.util.HashMap.hash(Ljava/lang/Object;)I @ 1
Event: 1.641 Thread 0x0000000002129000 Uncommon trap: reason=unstable_if action=reinterpret pc=0x0000000002da58f8 method=java.util.HashMap.hash(Ljava/lang/Object;)I @ 1
Event: 1.664 Thread 0x0000000002129000 Uncommon trap: reason=null_check action=make_not_entrant pc=0x0000000002ef31a8 method=org.apache.maven.model.io.xpp3.MavenXpp3Reader.checkFieldWithDuplicate(Lorg/codehaus/plexus/util/xml/pull/XmlPullParser;Ljava/lang/String;Ljava/lang/String;Ljava/util/Se
Event: 1.698 Thread 0x0000000002129000 Uncommon trap: reason=unstable_if action=reinterpret pc=0x0000000002eed444 method=org.codehaus.plexus.util.xml.pull.MXParser.nextImpl()I @ 280
Event: 1.747 Thread 0x0000000002129000 Uncommon trap: reason=unstable_if action=reinterpret pc=0x0000000002f8aa7c method=org.apache.maven.model.io.xpp3.MavenXpp3Reader.nextTag(Lorg/codehaus/plexus/util/xml/pull/XmlPullParser;)I @ 9
Event: 1.824 Thread 0x0000000002129000 Uncommon trap: reason=predicate action=maybe_recompile pc=0x0000000002ab5e10 method=java.nio.charset.CharsetDecoder.decode(Ljava/nio/ByteBuffer;Ljava/nio/CharBuffer;Z)Ljava/nio/charset/CoderResult; @ 54

Classes redefined (0 events):
No events

Internal exceptions (10 events):
Event: 1.007 Thread 0x0000000002129000 Exception <a 'java/lang/NoClassDefFoundError': com/google/inject/servlet/ServletModuleTargetVisitor> (0x000000076bad14a0) thrown at [C:\re\workspace\8-2-build-windows-amd64-cygwin\jdk8u231\13620\hotspot\src\share\vm\classfile\systemDictionary.cpp, line 19
Event: 1.007 Thread 0x0000000002129000 Exception <a 'java/lang/NoClassDefFoundError'> (0x000000076bad14a0) thrown at [C:\re\workspace\8-2-build-windows-amd64-cygwin\jdk8u231\13620\hotspot\src\share\vm\prims\jvm.cpp, line 1506]
Event: 1.183 Thread 0x0000000002129000 Implicit null exception at 0x0000000002aea316 to 0x0000000002aea6b9
Event: 1.183 Thread 0x0000000002129000 Implicit null exception at 0x00000000029f68d6 to 0x00000000029f6c71
Event: 1.334 Thread 0x0000000002129000 Implicit null exception at 0x0000000002d95b2a to 0x0000000002d96db1
Event: 1.641 Thread 0x0000000002129000 Implicit null exception at 0x0000000002e7c1ce to 0x0000000002e7c479
Event: 1.641 Thread 0x0000000002129000 Implicit null exception at 0x0000000002e0c02d to 0x0000000002e0c991
Event: 1.641 Thread 0x0000000002129000 Implicit null exception at 0x0000000002a3fc15 to 0x0000000002a3fe19
Event: 1.641 Thread 0x0000000002129000 Implicit null exception at 0x0000000002da541b to 0x0000000002da58e5
Event: 1.664 Thread 0x0000000002129000 Implicit null exception at 0x0000000002ef2f43 to 0x0000000002ef318d

Events (10 events):
Event: 1.752 Executing VM operation: ForceSafepoint done
Event: 1.808 Executing VM operation: ParallelGCFailedAllocation
Event: 1.815 Executing VM operation: ParallelGCFailedAllocation done
Event: 1.824 loading class sun/nio/cs/ISO_8859_1$Decoder
Event: 1.824 loading class sun/nio/cs/ISO_8859_1$Decoder done
Event: 1.824 Thread 0x0000000002129000 Uncommon trap: trap_request=0xffffff86 fr.pc=0x0000000002ab5e10
Event: 1.824 Thread 0x0000000002129000 DEOPT PACKING pc=0x0000000002ab5e10 sp=0x000000000230c360
Event: 1.824 Thread 0x0000000002129000 DEOPT UNPACKING pc=0x000000000281583b sp=0x000000000230c308 mode 2
Event: 1.840 Executing VM operation: CollectForMetadataAllocation
Event: 1.877 Executing VM operation: CollectForMetadataAllocation done


Dynamic libraries:
0x000000013ff10000 - 0x000000013ff47000 	C:\Program Files\Java\jdk1.8.0_231\bin\java.exe
0x0000000077b90000 - 0x0000000077d2f000 	C:\Windows\SYSTEM32\ntdll.dll
0x0000000077970000 - 0x0000000077a8f000 	C:\Windows\system32\kernel32.dll
0x000007fefda40000 - 0x000007fefdaaa000 	C:\Windows\system32\KERNELBASE.dll
0x000007fefe250000 - 0x000007fefe32b000 	C:\Windows\system32\ADVAPI32.dll
0x000007feff4f0000 - 0x000007feff58f000 	C:\Windows\system32\msvcrt.dll
0x000007feff900000 - 0x000007feff91f000 	C:\Windows\SYSTEM32\sechost.dll
0x000007fefe040000 - 0x000007fefe16c000 	C:\Windows\system32\RPCRT4.dll
0x0000000077a90000 - 0x0000000077b8a000 	C:\Windows\system32\USER32.dll
0x000007feff920000 - 0x000007feff987000 	C:\Windows\system32\GDI32.dll
0x000007feff4e0000 - 0x000007feff4ee000 	C:\Windows\system32\LPK.dll
0x000007feff590000 - 0x000007feff65b000 	C:\Windows\system32\USP10.dll
0x000007fefb3c0000 - 0x000007fefb5b4000 	C:\Windows\WinSxS\amd64_microsoft.windows.common-controls_6595b64144ccf1df_6.0.7601.18837_none_fa3b1e3d17594757\COMCTL32.dll
0x000007feff9a0000 - 0x000007feffa11000 	C:\Windows\system32\SHLWAPI.dll
0x000007feff390000 - 0x000007feff3be000 	C:\Windows\system32\IMM32.DLL
0x000007feffa20000 - 0x000007feffb29000 	C:\Windows\system32\MSCTF.dll
0x00000000659b0000 - 0x0000000065a82000 	C:\Program Files\Java\jdk1.8.0_231\jre\bin\msvcr100.dll
0x0000000059110000 - 0x00000000599b6000 	C:\Program Files\Java\jdk1.8.0_231\jre\bin\server\jvm.dll
0x000007fef5e00000 - 0x000007fef5e09000 	C:\Windows\system32\WSOCK32.dll
0x000007fefdc80000 - 0x000007fefdccd000 	C:\Windows\system32\WS2_32.dll
0x000007feff990000 - 0x000007feff998000 	C:\Windows\system32\NSI.dll
0x000007fefa680000 - 0x000007fefa6bb000 	C:\Windows\system32\WINMM.dll
0x000007fefca80000 - 0x000007fefca8c000 	C:\Windows\system32\VERSION.dll
0x0000000077d30000 - 0x0000000077d37000 	C:\Windows\system32\PSAPI.DLL
0x000007fea8d70000 - 0x000007fea8d7f000 	C:\Program Files\Java\jdk1.8.0_231\jre\bin\verify.dll
0x000007fea8d40000 - 0x000007fea8d69000 	C:\Program Files\Java\jdk1.8.0_231\jre\bin\java.dll
0x000007fea3250000 - 0x000007fea3273000 	C:\Program Files\Java\jdk1.8.0_231\jre\bin\instrument.dll
0x000007fea8d20000 - 0x000007fea8d36000 	C:\Program Files\Java\jdk1.8.0_231\jre\bin\zip.dll
0x000007fefe600000 - 0x000007feff38a000 	C:\Windows\system32\SHELL32.dll
0x000007feff660000 - 0x000007feff85c000 	C:\Windows\system32\ole32.dll
0x000007fefd860000 - 0x000007fefd86f000 	C:\Windows\system32\profapi.dll
0x000007fea8af0000 - 0x000007fea8b0a000 	C:\Program Files\JetBrains\IntelliJ IDEA Community Edition 2021.3.2\bin\breakgen64.dll
0x000007fea8d00000 - 0x000007fea8d1a000 	C:\Program Files\Java\jdk1.8.0_231\jre\bin\net.dll
0x000007fefcfe0000 - 0x000007fefd035000 	C:\Windows\system32\mswsock.dll
0x000007fefcfd0000 - 0x000007fefcfd7000 	C:\Windows\System32\wship6.dll
0x0000000069ac0000 - 0x0000000069ae4000 	C:\Users\VADIM\AppData\Local\Temp\jansi-2.4.0-469a40161701ef05-jansi.dll

VM Arguments:
jvm_args: -Dmaven.multiModuleProjectDirectory=D:\Git\Coursework -Dmaven.home=C:\Users\VADIM\.m2\wrapper\dists\apache-maven-3.8.4-bin\52ccbt68d252mdldqsfsn03jlf\apache-maven-3.8.4 -Dclassworlds.conf=C:\Users\VADIM\.m2\wrapper\dists\apache-maven-3.8.4-bin\52ccbt68d252mdldqsfsn03jlf\apache-maven-3.8.4\bin\m2.conf -Dmaven.ext.class.path=C:\Program Files\JetBrains\IntelliJ IDEA Community Edition 2021.3.2\plugins\maven\lib\maven-event-listener.jar -javaagent:C:\Program Files\JetBrains\IntelliJ IDEA Community Edition 2021.3.2\lib\idea_rt.jar=59362:C:\Program Files\JetBrains\IntelliJ IDEA Community Edition 2021.3.2\bin -Dfile.encoding=UTF-8 
java_command: org.codehaus.classworlds.Launcher -Didea.version=2021.3.2 spring-boot:run
java_class_path (initial): C:\Users\VADIM\.m2\wrapper\dists\apache-maven-3.8.4-bin\52ccbt68d252mdldqsfsn03jlf\apache-maven-3.8.4\boot\plexus-classworlds-2.6.0.jar;C:\Users\VADIM\.m2\wrapper\dists\apache-maven-3.8.4-bin\52ccbt68d252mdldqsfsn03jlf\apache-maven-3.8.4\boot\plexus-classworlds.license;C:\Program Files\JetBrains\IntelliJ IDEA Community Edition 2021.3.2\lib\idea_rt.jar
Launcher Type: SUN_STANDARD

Environment Variables:
JAVA_HOME=C:\Program Files\Java\jdk-10.0.2
PATH=C:\Program Files\Common Files\Oracle\Java\javapath;C:\Program Files (x86)\Common Files\Oracle\Java\javapath;C:\Program Files (x86)\Intel\iCLS Client\;C:\Program Files\Intel\iCLS Client\;C:\Windows\system32;C:\Windows;C:\Windows\System32\Wbem;C:\Windows\System32\WindowsPowerShell\v1.0\;C:\Program Files\7-Zip;C:\Program Files (x86)\Intel\Intel(R) Management Engine Components\DAL;C:\Program Files\Intel\Intel(R) Management Engine Components\DAL;C:\Program Files (x86)\Intel\Intel(R) Management Engine Components\IPT;C:\Program Files\Intel\Intel(R) Management Engine Components\IPT;C:\Program Files (x86)\NVIDIA Corporation\PhysX\Common;C:\Program Files\NVIDIA;C:\Program Files\nodejs\;C:\Program Files (x86)\GitExtensions\;C:\Program Files\Git\cmd;C:\Program Files\PuTTY\;C:\Program Files\Java\jdk1.8.0_231\bin;C:\Program Files\Java\jre1.8.0_271\bin:;C:\Program Files\Java\jdk-10.0.2\bin;C:\Users\VADIM\AppData\Local\Programs\Microsoft VS Code\bin;C:\Program Files\JetBrains\IntelliJ IDEA Community Edition 2021.3.2\bin;;C:\Users\VADIM\AppData\Roaming\npm
USERNAME=VADIM
OS=Windows_NT
PROCESSOR_IDENTIFIER=Intel64 Family 6 Model 94 Stepping 3, GenuineIntel



---------------  S Y S T E M  ---------------

OS: Windows 7 , 64 bit Build 7601 (6.1.7601.24384)

CPU:total 4 (initial active 4) (4 cores per cpu, 1 threads per core) family 6 model 94 stepping 3, cmov, cx8, fxsr, mmx, sse, sse2, sse3, ssse3, sse4.1, sse4.2, popcnt, avx, avx2, aes, clmul, erms, rtm, 3dnowpref, lzcnt, tsc, tscinvbit, bmi1, bmi2, adx

Memory: 4k page, physical 16690324k(3860808k free), swap 21808420k(5476k free)

vm_info: Java HotSpot(TM) 64-Bit Server VM (25.231-b11) for windows-amd64 JRE (1.8.0_231-b11), built on Oct  5 2019 03:11:30 by "java_re" with MS VC++ 10.0 (VS2010)

time: Tue Feb 22 20:16:32 2022
timezone: RTZ 2 (зима)
elapsed time: 1 seconds (0d 0h 0m 1s)

